<?xml version="1.0" encoding="UTF-8"?>
<!-- Generated by org.testng.reporters.JUnitReportReporter -->
<testsuite hostname="DESKTOP-LDOA5LM" failures="0" tests="8" name="testCase.TestCase" time="166.574" errors="0" timestamp="2023-09-04T15:23:39 IST" skipped="0">
  <testcase classname="testCase.TestCase" name="check" time="12.929"/>
  <system-out/>
  <testcase classname="testCase.TestCase" name="verifyLoginWithValidCredentials" time="21.699"/>
  <system-out/>
  <testcase classname="testCase.TestCase" name="verifyselectDropDown" time="24.877"/>
  <system-out/>
  <testcase classname="testCase.TestCase" name="verifySearchBar" time="28.094"/>
  <system-out/>
  <testcase classname="testCase.TestCase" name="verifyMouseHover" time="15.961"/>
  <system-out/>
  <testcase classname="testCase.TestCase" name="verifyScrollDown" time="13.104"/>
  <system-out/>
  <testcase classname="testCase.TestCase" name="verifyScrollUp" time="17.357"/>
  <system-out/>
  <testcase classname="testCase.TestCase" name="verifyCookiesHandle" time="32.553"/>
  <system-out/>
</testsuite> <!-- testCase.TestCase -->
